<?xml version="1.0" encoding="UTF-8"?>
<testsuite name="service.RecipeServiceUTest" tests="11" skipped="0" failures="0" errors="0" timestamp="2025-03-19T11:48:18" hostname="DACHEV" time="0.252">
  <properties/>
  <testcase name="givenValidOwner_whenDeleteRecipe_thenCallDeleteRepository()" classname="service.RecipeServiceUTest" time="0.168"/>
  <testcase name="givenValidOwner_whenUpdateRecipe_thenUpdateRecipe()" classname="service.RecipeServiceUTest" time="0.014"/>
  <testcase name="givenImageFile_whenCreateRecipe_thenProcessImage()" classname="service.RecipeServiceUTest" time="0.006"/>
  <testcase name="givenIngredients_whenGenerateMeal_thenReturnGeneratedRecipe()" classname="service.RecipeServiceUTest" time="0.008"/>
  <testcase name="givenInvalidOwner_whenUpdateRecipe_thenThrowUnauthorizedException()" classname="service.RecipeServiceUTest" time="0.009"/>
  <testcase name="givenValidPagination_whenGetAllRecipes_thenReturnPagedRecipes()" classname="service.RecipeServiceUTest" time="0.005"/>
  <testcase name="givenInvalidId_whenGetRecipeById_thenThrowRecipeNotFoundException()" classname="service.RecipeServiceUTest" time="0.005"/>
  <testcase name="givenValidRequest_whenCreateRecipe_thenReturnRecipeResponse()" classname="service.RecipeServiceUTest" time="0.008"/>
  <testcase name="givenInvalidOwner_whenDeleteRecipe_thenThrowUnauthorizedException()" classname="service.RecipeServiceUTest" time="0.006"/>
  <testcase name="givenValidId_whenGetRecipeById_thenReturnRecipeResponse()" classname="service.RecipeServiceUTest" time="0.006"/>
  <testcase name="givenKeyword_whenSearchRecipes_thenReturnMatchedRecipes()" classname="service.RecipeServiceUTest" time="0.004"/>
  <system-out><![CDATA[13:48:18.972 [Test worker] INFO dev.idachev.recipeservice.service.RecipeService -- Recipe with ID a7fe606c-65d3-48d9-bd30-ac22f1994cc1 deleted successfully
13:48:18.991 [Test worker] INFO dev.idachev.recipeservice.service.RecipeService -- Updated recipe with ID: e0a16707-a0a2-468f-b920-f9cc21a9b71d
13:48:19.004 [Test worker] INFO dev.idachev.recipeservice.service.RecipeService -- Created recipe with ID: fe5c637b-32cb-4ea2-b80d-f543f5257e1a
13:48:19.013 [Test worker] INFO dev.idachev.recipeservice.service.RecipeService -- Generating meal from 3 ingredients
13:48:19.022 [Test worker] WARN dev.idachev.recipeservice.service.RecipeService -- Unauthorized access attempt: User f2122115-4453-40f0-874d-e3a8e53c8424 attempted to access recipe 69234615-b145-4f5f-bf4c-1d7d6538ce56
13:48:19.042 [Test worker] INFO dev.idachev.recipeservice.service.RecipeService -- Created recipe with ID: 7042b874-97f8-42b9-bd63-ea7bcb854a4e
13:48:19.051 [Test worker] WARN dev.idachev.recipeservice.service.RecipeService -- Unauthorized access attempt: User 7c8fb24a-7a19-4f1b-929e-da3f5ba6b2e6 attempted to access recipe 68fe169c-5783-4291-85fb-4e0b70271582
]]></system-out>
  <system-err><![CDATA[]]></system-err>
</testsuite>
