<?xml version="1.0" encoding="UTF-8"?>
<testsuite name="dev.idachev.recipeservice.service.RecipeSearchServiceUTest" tests="6" skipped="0" failures="0" errors="0" timestamp="2025-03-24T06:42:41" hostname="DACHEV" time="0.031">
  <properties/>
  <testcase name="givenTags_whenFilterRecipesByTags_thenReturnFilteredRecipes()" classname="dev.idachev.recipeservice.service.RecipeSearchServiceUTest" time="0.005"/>
  <testcase name="givenValidKeyword_whenSearch_thenSearchResult()" classname="dev.idachev.recipeservice.service.RecipeSearchServiceUTest" time="0.004"/>
  <testcase name="givenNullKeyword_whenSearchRecipes_thenReturnAllRecipes()" classname="dev.idachev.recipeservice.service.RecipeSearchServiceUTest" time="0.004"/>
  <testcase name="givenNoTags_whenFilterRecipesByTags_thenReturnAllRecipes()" classname="dev.idachev.recipeservice.service.RecipeSearchServiceUTest" time="0.004"/>
  <testcase name="givenPagination_whenGetAllRecipes_thenReturnPagedRecipes()" classname="dev.idachev.recipeservice.service.RecipeSearchServiceUTest" time="0.004"/>
  <testcase name="givenEmptyKeyword_whenSearchRecipes_thenReturnAllRecipes()" classname="dev.idachev.recipeservice.service.RecipeSearchServiceUTest" time="0.005"/>
  <system-out><![CDATA[]]></system-out>
  <system-err><![CDATA[]]></system-err>
</testsuite>
