<?xml version="1.0" encoding="UTF-8"?>
<testsuite name="dev.idachev.recipeservice.service.RecipeServiceUTest" tests="11" skipped="0" failures="0" errors="0" timestamp="2025-03-24T06:42:42" hostname="DACHEV" time="0.094">
  <properties/>
  <testcase name="givenValidOwner_whenDeleteRecipe_thenCallDeleteRepository()" classname="dev.idachev.recipeservice.service.RecipeServiceUTest" time="0.04"/>
  <testcase name="givenValidOwner_whenUpdateRecipe_thenUpdateRecipe()" classname="dev.idachev.recipeservice.service.RecipeServiceUTest" time="0.005"/>
  <testcase name="givenImageFile_whenCreateRecipe_thenProcessImage()" classname="dev.idachev.recipeservice.service.RecipeServiceUTest" time="0.005"/>
  <testcase name="givenIngredients_whenGenerateMeal_thenReturnGeneratedRecipe()" classname="dev.idachev.recipeservice.service.RecipeServiceUTest" time="0.004"/>
  <testcase name="givenInvalidOwner_whenUpdateRecipe_thenThrowUnauthorizedException()" classname="dev.idachev.recipeservice.service.RecipeServiceUTest" time="0.006"/>
  <testcase name="givenValidPagination_whenGetAllRecipes_thenReturnPagedRecipes()" classname="dev.idachev.recipeservice.service.RecipeServiceUTest" time="0.004"/>
  <testcase name="givenInvalidId_whenGetRecipeById_thenThrowRecipeNotFoundException()" classname="dev.idachev.recipeservice.service.RecipeServiceUTest" time="0.005"/>
  <testcase name="givenValidRequest_whenCreateRecipe_thenReturnRecipeResponse()" classname="dev.idachev.recipeservice.service.RecipeServiceUTest" time="0.006"/>
  <testcase name="givenInvalidOwner_whenDeleteRecipe_thenThrowUnauthorizedException()" classname="dev.idachev.recipeservice.service.RecipeServiceUTest" time="0.004"/>
  <testcase name="givenValidId_whenGetRecipeById_thenReturnRecipeResponse()" classname="dev.idachev.recipeservice.service.RecipeServiceUTest" time="0.004"/>
  <testcase name="givenKeyword_whenSearchRecipes_thenReturnMatchedRecipes()" classname="dev.idachev.recipeservice.service.RecipeServiceUTest" time="0.004"/>
  <system-out><![CDATA[08:42:42.061 [Test worker] INFO dev.idachev.recipeservice.service.RecipeService -- Recipe with ID aa0e6ec1-a127-4003-8473-ae5e06db47d3 deleted successfully
08:42:42.066 [Test worker] INFO dev.idachev.recipeservice.service.RecipeService -- Updated recipe with ID: ef761a4f-7e30-44de-bcb7-7df2b27091f1
08:42:42.072 [Test worker] INFO dev.idachev.recipeservice.service.RecipeService -- Created recipe with ID: 8b96f8df-fa9c-42f4-b9f2-c0b7ab0a4e02
08:42:42.078 [Test worker] INFO dev.idachev.recipeservice.service.RecipeService -- Generating meal from 3 ingredients
08:42:42.085 [Test worker] WARN dev.idachev.recipeservice.service.RecipeService -- Unauthorized access attempt: User f46bcb64-21e7-4720-9e5d-96ac53011475 attempted to access recipe cf22233f-fa82-4185-8b9e-851502136d48
08:42:42.100 [Test worker] INFO dev.idachev.recipeservice.service.RecipeService -- Created recipe with ID: 94f20a2b-82ea-495b-ba4d-c1caa7b4b3ac
08:42:42.105 [Test worker] WARN dev.idachev.recipeservice.service.RecipeService -- Unauthorized access attempt: User 323005e4-ce18-45d2-8f10-e83cb2674654 attempted to access recipe 7ce97de8-bc9f-4996-a238-657803f797b6
]]></system-out>
  <system-err><![CDATA[]]></system-err>
</testsuite>
