<?xml version="1.0" encoding="UTF-8"?>
<testsuite name="dev.idachev.recipeservice.web.RecipeControllerApiTest" tests="9" skipped="0" failures="0" errors="0" timestamp="2025-03-23T07:50:30" hostname="DACHEV" time="0.136">
  <properties/>
  <testcase name="Given valid keyword, token and pagination, when searching recipes, then return search results" classname="dev.idachev.recipeservice.web.RecipeControllerApiTest" time="0.032"/>
  <testcase name="Given valid recipe request and token, when creating recipe with JSON, then return created status with recipe" classname="dev.idachev.recipeservice.web.RecipeControllerApiTest" time="0.027"/>
  <testcase name="Given valid recipe data, ID and token, when updating recipe, then return updated recipe" classname="dev.idachev.recipeservice.web.RecipeControllerApiTest" time="0.01"/>
  <testcase name="Given valid ingredients and token, when generating meal, then return generated recipe" classname="dev.idachev.recipeservice.web.RecipeControllerApiTest" time="0.013"/>
  <testcase name="Given valid token, when getting all recipes, then return paginated recipes" classname="dev.idachev.recipeservice.web.RecipeControllerApiTest" time="0.008"/>
  <testcase name="Given valid recipe request and token, when creating recipe with image, then return created status with recipe" classname="dev.idachev.recipeservice.web.RecipeControllerApiTest" time="0.016"/>
  <testcase name="Given valid token, when getting user's recipes, then return user recipes" classname="dev.idachev.recipeservice.web.RecipeControllerApiTest" time="0.009"/>
  <testcase name="Given valid ID and token, when getting recipe by ID, then return recipe" classname="dev.idachev.recipeservice.web.RecipeControllerApiTest" time="0.008"/>
  <testcase name="Given valid ID and token, when deleting recipe, then return no content status" classname="dev.idachev.recipeservice.web.RecipeControllerApiTest" time="0.007"/>
  <system-out><![CDATA[2025-03-23T09:50:30.333+02:00  INFO 24264 --- [recipe-service] [    Test worker] t.c.s.AnnotationConfigContextLoaderUtils : Could not detect default configuration classes for test class [dev.idachev.recipeservice.web.RecipeControllerApiTest]: RecipeControllerApiTest does not declare any static, non-private, non-final, nested classes annotated with @Configuration.
2025-03-23T09:50:30.342+02:00  INFO 24264 --- [recipe-service] [    Test worker] .b.t.c.SpringBootTestContextBootstrapper : Found @SpringBootConfiguration dev.idachev.recipeservice.Application for test class dev.idachev.recipeservice.web.RecipeControllerApiTest

  .   ____          _            __ _ _
 /\\ / ___'_ __ _ _(_)_ __  __ _ \ \ \ \
( ( )\___ | '_ | '_| | '_ \/ _` | \ \ \ \
 \\/  ___)| |_)| | | | | || (_| |  ) ) ) )
  '  |____| .__|_| |_|_| |_\__, | / / / /
 =========|_|==============|___/=/_/_/_/

 :: Spring Boot ::                (v3.4.0)

2025-03-23T09:50:30.387+02:00  WARN 24264 --- [recipe-service] [    Test worker] ory$DuplicateJsonObjectContextCustomizer : 

Found multiple occurrences of org.json.JSONObject on the class path:

	jar:file:/C:/Users/pffe3/.gradle/caches/modules-2/files-2.1/com.vaadin.external.google/android-json/0.0.20131108.vaadin1/fa26d351fe62a6a17f5cda1287c1c6110dec413f/android-json-0.0.20131108.vaadin1.jar!/org/json/JSONObject.class
	jar:file:/C:/Users/pffe3/.gradle/caches/modules-2/files-2.1/org.json/json/20240303/ebb88e8fb5122b7506d5cf1d69f1ccdb790d22a/json-20240303.jar!/org/json/JSONObject.class

You may wish to exclude one of them to ensure predictable runtime behavior

2025-03-23T09:50:30.390+02:00  INFO 24264 --- [recipe-service] [    Test worker] d.i.r.web.RecipeControllerApiTest        : Starting RecipeControllerApiTest using Java 21.0.6 with PID 24264 (started by pffe3 in C:\Users\pffe3\Desktop\savorAI\recipe-service)
2025-03-23T09:50:30.390+02:00  INFO 24264 --- [recipe-service] [    Test worker] d.i.r.web.RecipeControllerApiTest        : No active profile set, falling back to 1 default profile: "default"
2025-03-23T09:50:30.660+02:00  INFO 24264 --- [recipe-service] [    Test worker] o.s.b.t.m.w.SpringBootMockServletContext : Initializing Spring TestDispatcherServlet ''
2025-03-23T09:50:30.660+02:00  INFO 24264 --- [recipe-service] [    Test worker] o.s.t.web.servlet.TestDispatcherServlet  : Initializing Servlet ''
2025-03-23T09:50:30.661+02:00  INFO 24264 --- [recipe-service] [    Test worker] o.s.t.web.servlet.TestDispatcherServlet  : Completed initialization in 1 ms
2025-03-23T09:50:30.667+02:00  INFO 24264 --- [recipe-service] [    Test worker] d.i.r.web.RecipeControllerApiTest        : Started RecipeControllerApiTest in 0.321 seconds (process running for 10.531)
2025-03-23T09:50:30.688+02:00  WARN 24264 --- [recipe-service] [    Test worker] ration$PageModule$WarningLoggingModifier : Serializing PageImpl instances as-is is not supported, meaning that there is no guarantee about the stability of the resulting JSON structure!
	For a stable JSON structure, please use Spring Data's PagedModel (globally via @EnableSpringDataWebSupport(pageSerializationMode = VIA_DTO))
	or Spring HATEOAS and Spring Data's PagedResourcesAssembler as documented in https://docs.spring.io/spring-data/commons/reference/repositories/core-extensions.html#core.web.pageables.

]]></system-out>
  <system-err><![CDATA[]]></system-err>
</testsuite>
