<?xml version="1.0" encoding="UTF-8"?>
<testsuite name="dev.idachev.recipeservice.web.FavoriteRecipeControllerApiTest" tests="12" skipped="0" failures="0" errors="0" timestamp="2025-03-23T07:50:29" hostname="DACHEV" time="0.426">
  <properties/>
  <testcase name="Given valid token, when getting all user favorites, then return list of favorites" classname="dev.idachev.recipeservice.web.FavoriteRecipeControllerApiTest" time="0.25"/>
  <testcase name="Given valid token but no favorites, when getting user favorites, then return empty page" classname="dev.idachev.recipeservice.web.FavoriteRecipeControllerApiTest" time="0.035"/>
  <testcase name="Given valid recipe ID not in favorites, when checking if in favorites, then return false" classname="dev.idachev.recipeservice.web.FavoriteRecipeControllerApiTest" time="0.013"/>
  <testcase name="Given valid recipe ID and token, when adding to favorites, then return favorite recipe details" classname="dev.idachev.recipeservice.web.FavoriteRecipeControllerApiTest" time="0.017"/>
  <testcase name="Given recipe not in favorites, when removing from favorites, then return 404 not found" classname="dev.idachev.recipeservice.web.FavoriteRecipeControllerApiTest" time="0.027"/>
  <testcase name="Given valid recipe ID and token, when removing from favorites, then return no content status" classname="dev.idachev.recipeservice.web.FavoriteRecipeControllerApiTest" time="0.01"/>
  <testcase name="Given non-existent recipe ID, when adding to favorites, then return 404 not found" classname="dev.idachev.recipeservice.web.FavoriteRecipeControllerApiTest" time="0.01"/>
  <testcase name="Given valid recipe ID with zero favorites, when getting favorite count, then return zero" classname="dev.idachev.recipeservice.web.FavoriteRecipeControllerApiTest" time="0.008"/>
  <testcase name="Given valid token but no favorites, when getting all user favorites, then return empty list" classname="dev.idachev.recipeservice.web.FavoriteRecipeControllerApiTest" time="0.011"/>
  <testcase name="Given valid recipe ID and token, when checking if recipe is in favorites, then return boolean result" classname="dev.idachev.recipeservice.web.FavoriteRecipeControllerApiTest" time="0.009"/>
  <testcase name="Given valid token, when getting user favorites with pagination, then return paginated favorites" classname="dev.idachev.recipeservice.web.FavoriteRecipeControllerApiTest" time="0.009"/>
  <testcase name="Given valid recipe ID, when getting favorite count, then return count value" classname="dev.idachev.recipeservice.web.FavoriteRecipeControllerApiTest" time="0.007"/>
  <system-out><![CDATA[09:50:24.912 [Test worker] INFO org.springframework.test.context.support.AnnotationConfigContextLoaderUtils -- Could not detect default configuration classes for test class [dev.idachev.recipeservice.web.FavoriteRecipeControllerApiTest]: FavoriteRecipeControllerApiTest does not declare any static, non-private, non-final, nested classes annotated with @Configuration.
09:50:25.191 [Test worker] INFO org.springframework.boot.test.context.SpringBootTestContextBootstrapper -- Found @SpringBootConfiguration dev.idachev.recipeservice.Application for test class dev.idachev.recipeservice.web.FavoriteRecipeControllerApiTest

  .   ____          _            __ _ _
 /\\ / ___'_ __ _ _(_)_ __  __ _ \ \ \ \
( ( )\___ | '_ | '_| | '_ \/ _` | \ \ \ \
 \\/  ___)| |_)| | | | | || (_| |  ) ) ) )
  '  |____| .__|_| |_|_| |_\__, | / / / /
 =========|_|==============|___/=/_/_/_/

 :: Spring Boot ::                (v3.4.0)

2025-03-23T09:50:26.030+02:00  WARN 24264 --- [recipe-service] [    Test worker] ory$DuplicateJsonObjectContextCustomizer : 

Found multiple occurrences of org.json.JSONObject on the class path:

	jar:file:/C:/Users/pffe3/.gradle/caches/modules-2/files-2.1/com.vaadin.external.google/android-json/0.0.20131108.vaadin1/fa26d351fe62a6a17f5cda1287c1c6110dec413f/android-json-0.0.20131108.vaadin1.jar!/org/json/JSONObject.class
	jar:file:/C:/Users/pffe3/.gradle/caches/modules-2/files-2.1/org.json/json/20240303/ebb88e8fb5122b7506d5cf1d69f1ccdb790d22a/json-20240303.jar!/org/json/JSONObject.class

You may wish to exclude one of them to ensure predictable runtime behavior

2025-03-23T09:50:26.057+02:00  INFO 24264 --- [recipe-service] [    Test worker] d.i.r.w.FavoriteRecipeControllerApiTest  : Starting FavoriteRecipeControllerApiTest using Java 21.0.6 with PID 24264 (started by pffe3 in C:\Users\pffe3\Desktop\savorAI\recipe-service)
2025-03-23T09:50:26.059+02:00  INFO 24264 --- [recipe-service] [    Test worker] d.i.r.w.FavoriteRecipeControllerApiTest  : No active profile set, falling back to 1 default profile: "default"
2025-03-23T09:50:28.973+02:00  INFO 24264 --- [recipe-service] [    Test worker] o.s.b.t.m.w.SpringBootMockServletContext : Initializing Spring TestDispatcherServlet ''
2025-03-23T09:50:28.974+02:00  INFO 24264 --- [recipe-service] [    Test worker] o.s.t.web.servlet.TestDispatcherServlet  : Initializing Servlet ''
2025-03-23T09:50:28.975+02:00  INFO 24264 --- [recipe-service] [    Test worker] o.s.t.web.servlet.TestDispatcherServlet  : Completed initialization in 1 ms
2025-03-23T09:50:29.111+02:00  INFO 24264 --- [recipe-service] [    Test worker] d.i.r.w.FavoriteRecipeControllerApiTest  : Started FavoriteRecipeControllerApiTest in 3.776 seconds (process running for 8.974)
2025-03-23T09:50:29.389+02:00  WARN 24264 --- [recipe-service] [    Test worker] ration$PageModule$WarningLoggingModifier : Serializing PageImpl instances as-is is not supported, meaning that there is no guarantee about the stability of the resulting JSON structure!
	For a stable JSON structure, please use Spring Data's PagedModel (globally via @EnableSpringDataWebSupport(pageSerializationMode = VIA_DTO))
	or Spring HATEOAS and Spring Data's PagedResourcesAssembler as documented in https://docs.spring.io/spring-data/commons/reference/repositories/core-extensions.html#core.web.pageables.

2025-03-23T09:50:29.465+02:00 ERROR 24264 --- [recipe-service] [    Test worker] d.i.r.web.GlobalExceptionHandler         : Resource not found: Recipe not found in favorites: f55782ea-2cca-4b88-b828-d0b7020600e1
2025-03-23T09:50:29.492+02:00 ERROR 24264 --- [recipe-service] [    Test worker] d.i.r.web.GlobalExceptionHandler         : Resource not found: Recipe not found with id: f55782ea-2cca-4b88-b828-d0b7020600e1
]]></system-out>
  <system-err><![CDATA[]]></system-err>
</testsuite>
