<?xml version="1.0" encoding="UTF-8"?>
<testsuite name="dev.idachev.recipeservice.web.FavoriteRecipeControllerApiTest" tests="6" skipped="0" failures="0" errors="0" timestamp="2025-04-27T17:25:19" hostname="DACHEV" time="0.379">
  <properties/>
  <testcase name="shouldAddRecipeToFavorites()" classname="dev.idachev.recipeservice.web.FavoriteRecipeControllerApiTest" time="0.306"/>
  <testcase name="shouldListFavorites()" classname="dev.idachev.recipeservice.web.FavoriteRecipeControllerApiTest" time="0.023"/>
  <testcase name="shouldReturn401ForAllEndpointsWhenUnauthenticated()" classname="dev.idachev.recipeservice.web.FavoriteRecipeControllerApiTest" time="0.011"/>
  <testcase name="shouldReturn401WhenAddingWithoutAuthentication()" classname="dev.idachev.recipeservice.web.FavoriteRecipeControllerApiTest" time="0.01"/>
  <testcase name="shouldRemoveRecipeFromFavorites()" classname="dev.idachev.recipeservice.web.FavoriteRecipeControllerApiTest" time="0.012"/>
  <testcase name="shouldCheckIfFavorite()" classname="dev.idachev.recipeservice.web.FavoriteRecipeControllerApiTest" time="0.015"/>
  <system-out><![CDATA[2025-04-27T20:25:20.062+03:00  INFO 13488 --- [recipe-service] [    Test worker] o.s.mock.web.MockServletContext          : Initializing Spring TestDispatcherServlet ''
2025-04-27T20:25:20.062+03:00  INFO 13488 --- [recipe-service] [    Test worker] o.s.t.web.servlet.TestDispatcherServlet  : Initializing Servlet ''
2025-04-27T20:25:20.062+03:00  INFO 13488 --- [recipe-service] [    Test worker] o.s.t.web.servlet.TestDispatcherServlet  : Completed initialization in 0 ms
2025-04-27T20:25:20.087+03:00  INFO 13488 --- [recipe-service] [    Test worker] o.s.mock.web.MockServletContext          : Initializing Spring TestDispatcherServlet ''
2025-04-27T20:25:20.087+03:00  INFO 13488 --- [recipe-service] [    Test worker] o.s.t.web.servlet.TestDispatcherServlet  : Initializing Servlet ''
2025-04-27T20:25:20.087+03:00  INFO 13488 --- [recipe-service] [    Test worker] o.s.t.web.servlet.TestDispatcherServlet  : Completed initialization in 0 ms
2025-04-27T20:25:20.108+03:00  INFO 13488 --- [recipe-service] [    Test worker] o.s.mock.web.MockServletContext          : Initializing Spring TestDispatcherServlet ''
2025-04-27T20:25:20.109+03:00  INFO 13488 --- [recipe-service] [    Test worker] o.s.t.web.servlet.TestDispatcherServlet  : Initializing Servlet ''
2025-04-27T20:25:20.109+03:00  INFO 13488 --- [recipe-service] [    Test worker] o.s.t.web.servlet.TestDispatcherServlet  : Completed initialization in 0 ms
2025-04-27T20:25:20.121+03:00  INFO 13488 --- [recipe-service] [    Test worker] o.s.mock.web.MockServletContext          : Initializing Spring TestDispatcherServlet ''
2025-04-27T20:25:20.121+03:00  INFO 13488 --- [recipe-service] [    Test worker] o.s.t.web.servlet.TestDispatcherServlet  : Initializing Servlet ''
2025-04-27T20:25:20.121+03:00  INFO 13488 --- [recipe-service] [    Test worker] o.s.t.web.servlet.TestDispatcherServlet  : Completed initialization in 0 ms
2025-04-27T20:25:20.131+03:00  INFO 13488 --- [recipe-service] [    Test worker] o.s.mock.web.MockServletContext          : Initializing Spring TestDispatcherServlet ''
2025-04-27T20:25:20.131+03:00  INFO 13488 --- [recipe-service] [    Test worker] o.s.t.web.servlet.TestDispatcherServlet  : Initializing Servlet ''
2025-04-27T20:25:20.131+03:00  INFO 13488 --- [recipe-service] [    Test worker] o.s.t.web.servlet.TestDispatcherServlet  : Completed initialization in 0 ms
2025-04-27T20:25:20.144+03:00  INFO 13488 --- [recipe-service] [    Test worker] o.s.mock.web.MockServletContext          : Initializing Spring TestDispatcherServlet ''
2025-04-27T20:25:20.144+03:00  INFO 13488 --- [recipe-service] [    Test worker] o.s.t.web.servlet.TestDispatcherServlet  : Initializing Servlet ''
2025-04-27T20:25:20.144+03:00  INFO 13488 --- [recipe-service] [    Test worker] o.s.t.web.servlet.TestDispatcherServlet  : Completed initialization in 0 ms
]]></system-out>
  <system-err><![CDATA[]]></system-err>
</testsuite>
